<?xml version="1.0" encoding="UTF-8"?>
<testsuite xmlns:xsi="http://www.w3.org/2001/XMLSchema-instance" xsi:noNamespaceSchemaLocation="https://maven.apache.org/surefire/maven-surefire-plugin/xsd/surefire-test-report.xsd" version="3.0.2" name="com.evs.electricvehiclestore.ElectricvehiclestoreApplicationTests" time="22.084" tests="1" errors="0" skipped="0" failures="0" flakes="0">
  <properties>
[...]
</properties>
  <testcase name="contextLoads" classname="com.evs.electricvehiclestore.ElectricvehiclestoreApplicationTests" time="1.052">
    <system-out><![CDATA[14:42:10.468 [main] INFO org.springframework.test.context.support.AnnotationConfigContextLoaderUtils -- Could not detect default configuration classes for test class [com.evs.electricvehiclestore.ElectricvehiclestoreApplicationTests]: ElectricvehiclestoreApplicationTests does not declare any static, non-private, non-final, nested classes annotated with @Configuration.
14:42:10.915 [main] INFO org.springframework.boot.test.context.SpringBootTestContextBootstrapper -- Found @SpringBootConfiguration com.evs.electricvehiclestore.ElectricvehiclestoreApplication for test class com.evs.electricvehiclestore.ElectricvehiclestoreApplicationTests
14:42:11.363 [main] INFO org.springframework.test.context.support.AnnotationConfigContextLoaderUtils -- Could not detect default configuration classes for test class [com.evs.electricvehiclestore.ElectricvehiclestoreApplicationTests]: ElectricvehiclestoreApplicationTests does not declare any static, non-private, non-final, nested classes annotated with @Configuration.
14:42:11.368 [main] INFO org.springframework.boot.test.context.SpringBootTestContextBootstrapper -- Found @SpringBootConfiguration com.evs.electricvehiclestore.ElectricvehiclestoreApplication for test class com.evs.electricvehiclestore.ElectricvehiclestoreApplicationTests

  .   ____          _            __ _ _
 /\\ / ___'_ __ _ _(_)_ __  __ _ \ \ \ \
( ( )\___ | '_ | '_| | '_ \/ _` | \ \ \ \
 \\/  ___)| |_)| | | | | || (_| |  ) ) ) )
  '  |____| .__|_| |_|_| |_\__, | / / / /
 =========|_|==============|___/=/_/_/_/

 :: Spring Boot ::                (v4.1.0)

2026-07-12T14:42:12.733-04:00  INFO 20032 --- [electricvehiclestore] [           main] e.e.ElectricvehiclestoreApplicationTests : Starting ElectricvehiclestoreApplicationTests using Java 21.0.11 with PID 20032 (started by jcdel in C:\Users\jcdel\EECS4413-Electric-Vehicle-Store\backend)
2026-07-12T14:42:12.737-04:00  INFO 20032 --- [electricvehiclestore] [           main] e.e.ElectricvehiclestoreApplicationTests : No active profile set, falling back to 1 default profile: "default"
2026-07-12T14:42:15.377-04:00  INFO 20032 --- [electricvehiclestore] [           main] .s.d.r.c.RepositoryConfigurationDelegate : Bootstrapping Spring Data JPA repositories in DEFAULT mode.
2026-07-12T14:42:15.643-04:00  INFO 20032 --- [electricvehiclestore] [           main] .s.d.r.c.RepositoryConfigurationDelegate : Finished Spring Data repository scanning in 231 ms. Found 5 JPA repository interfaces.
2026-07-12T14:42:17.466-04:00  INFO 20032 --- [electricvehiclestore] [           main] org.hibernate.orm.jpa                    : HHH008540: Processing PersistenceUnitInfo [name: default]
2026-07-12T14:42:17.809-04:00  INFO 20032 --- [electricvehiclestore] [           main] org.hibernate.orm.core                   : HHH000001: Hibernate ORM core version 7.4.1.Final
2026-07-12T14:42:20.019-04:00  INFO 20032 --- [electricvehiclestore] [           main] o.s.o.j.p.SpringPersistenceUnitInfo      : No LoadTimeWeaver setup: ignoring JPA class transformer
2026-07-12T14:42:20.162-04:00  INFO 20032 --- [electricvehiclestore] [           main] com.zaxxer.hikari.HikariDataSource       : HikariPool-1 - Starting...
2026-07-12T14:42:20.871-04:00  INFO 20032 --- [electricvehiclestore] [           main] com.zaxxer.hikari.pool.HikariPool        : HikariPool-1 - Added connection conn0: url=jdbc:h2:mem:evstoredb user=SA
2026-07-12T14:42:20.877-04:00  INFO 20032 --- [electricvehiclestore] [           main] com.zaxxer.hikari.HikariDataSource       : HikariPool-1 - Start completed.
2026-07-12T14:42:21.124-04:00  INFO 20032 --- [electricvehiclestore] [           main] org.hibernate.orm.connections.pooling    : HHH10001005: Database info:
	Database JDBC URL [jdbc:h2:mem:evstoredb]
	Database driver: H2 JDBC Driver
	Database dialect: H2Dialect
	Database version: 2.4.240
	Default catalog/schema: EVSTOREDB/PUBLIC
	Autocommit mode: undefined/unknown
	Isolation level: READ_COMMITTED [default READ_COMMITTED]
	JDBC fetch size: 100
	Pool: DataSourceConnectionProvider
	Minimum pool size: undefined/unknown
	Maximum pool size: undefined/unknown
2026-07-12T14:42:24.952-04:00  INFO 20032 --- [electricvehiclestore] [           main] org.hibernate.orm.core                   : HHH000489: No JTA platform available (set 'hibernate.transaction.jta.platform' to enable JTA platform integration)
Hibernate: create table cart (id bigint generated by default as identity, user_id bigint, primary key (id))
Hibernate: create table cart_item (id bigint generated by default as identity, cart_id bigint, quantity integer not null, vehicle_id bigint, primary key (id))
Hibernate: create table order_item (id bigint generated by default as identity, order_id bigint, price float(53) not null, quantity integer not null, vehicle_id bigint, primary key (id))
Hibernate: create table orders (id bigint generated by default as identity, status varchar(255), total_amount float(53) not null, user_id bigint, primary key (id))
Hibernate: create table review (id bigint generated by default as identity, comment varchar(255), rating integer not null, user_id bigint, vehicle_id bigint, primary key (id))
Hibernate: create table users (id bigint generated by default as identity, email varchar(255) not null, full_name varchar(255) not null, password varchar(255) not null, role varchar(255) not null, primary key (id))
Hibernate: create table vehicle (id bigint generated by default as identity, brand varchar(255), hot_deal boolean not null, mileage integer not null, model varchar(255), model_year integer not null, price float(53) not null, shape varchar(255), primary key (id))
Hibernate: alter table if exists users drop constraint if exists UK6dotkott2kjsp8vw4d0m25fb7
Hibernate: alter table if exists users add constraint UK6dotkott2kjsp8vw4d0m25fb7 unique (email)
2026-07-12T14:42:25.148-04:00  INFO 20032 --- [electricvehiclestore] [           main] j.LocalContainerEntityManagerFactoryBean : Initialized JPA EntityManagerFactory for persistence unit 'default'
2026-07-12T14:42:25.420-04:00  INFO 20032 --- [electricvehiclestore] [           main] o.s.d.j.r.query.QueryEnhancerFactories   : Hibernate is in classpath; If applicable, HQL parser will be used.
2026-07-12T14:42:26.849-04:00  WARN 20032 --- [electricvehiclestore] [           main] JpaBaseConfiguration$JpaWebConfiguration : spring.jpa.open-in-view is enabled by default. Therefore, database queries may be performed during view rendering. Explicitly configure spring.jpa.open-in-view to disable this warning
2026-07-12T14:42:28.976-04:00  INFO 20032 --- [electricvehiclestore] [           main] e.e.ElectricvehiclestoreApplicationTests : Started ElectricvehiclestoreApplicationTests in 17.327 seconds (process running for 21.342)
Hibernate: select count(*) from vehicle v1_0
Hibernate: insert into vehicle (brand,hot_deal,mileage,model,model_year,price,shape,id) values (?,?,?,?,?,?,?,default)
Hibernate: insert into vehicle (brand,hot_deal,mileage,model,model_year,price,shape,id) values (?,?,?,?,?,?,?,default)
Hibernate: insert into vehicle (brand,hot_deal,mileage,model,model_year,price,shape,id) values (?,?,?,?,?,?,?,default)
Hibernate: insert into vehicle (brand,hot_deal,mileage,model,model_year,price,shape,id) values (?,?,?,?,?,?,?,default)
Hibernate: insert into vehicle (brand,hot_deal,mileage,model,model_year,price,shape,id) values (?,?,?,?,?,?,?,default)
]]></system-out>
    <system-err><![CDATA[Mockito is currently self-attaching to enable the inline-mock-maker. This will no longer work in future releases of the JDK. Please add Mockito as an agent to your build as described in Mockito's documentation: https://javadoc.io/doc/org.mockito/mockito-core/latest/org.mockito/org/mockito/Mockito.html#0.3
WARNING: A Java agent has been loaded dynamically (C:\Users\jcdel\.m2\repository\net\bytebuddy\byte-buddy-agent\1.18.10\byte-buddy-agent-1.18.10.jar)
WARNING: If a serviceability tool is in use, please run with -XX:+EnableDynamicAgentLoading to hide this warning
WARNING: If a serviceability tool is not in use, please run with -Djdk.instrument.traceUsage for more information
WARNING: Dynamic loading of agents will be disallowed by default in a future release
]]></system-err>
  </testcase>
</testsuite>